-------------------------------------------------------------------------------
Test set: edu.yu.introtoalgs.BigOTests
-------------------------------------------------------------------------------
Tests run: 1, Failures: 1, Errors: 0, Skipped: 0, Time elapsed: 0.207 s <<< FAILURE! - in edu.yu.introtoalgs.BigOTests
edu.yu.introtoalgs.BigOTests.hakafosTimePerformance  Time elapsed: 0.195 s  <<< FAILURE!
java.lang.AssertionError: expected:<2.0> but was:<2.7959293394777265>
	at edu.yu.introtoalgs.BigOTests.hakafosTimePerformance(BigOTests.java:116)

